<?xml version="1.0" encoding="UTF-8"?>
<testng-results ignored="0" total="1" passed="1" failed="0" skipped="0">
  <reporter-output>
  </reporter-output>
  <suite started-at="2024-03-06T17:05:12 BOT" name="Default suite" finished-at="2024-03-06T17:05:16 BOT" duration-ms="3334">
    <groups>
    </groups>
    <test started-at="2024-03-06T17:05:12 BOT" name="Default test" finished-at="2024-03-06T17:05:16 BOT" duration-ms="3334">
      <class name="test.Test_1">
        <test-method is-config="true" signature="beforeClass()[pri:0, instance:test.Test_1@2e6a8155]" started-at="2024-03-06T17:05:12 BOT" name="beforeClass" finished-at="2024-03-06T17:05:15 BOT" duration-ms="3068" status="PASS">
          <reporter-output>
          </reporter-output>
        </test-method> <!-- beforeClass -->
        <test-method signature="f()[pri:0, instance:test.Test_1@2e6a8155]" started-at="2024-03-06T17:05:15 BOT" name="f" finished-at="2024-03-06T17:05:15 BOT" duration-ms="119" status="PASS">
          <reporter-output>
          </reporter-output>
        </test-method> <!-- f -->
        <test-method is-config="true" signature="afterClass()[pri:0, instance:test.Test_1@2e6a8155]" started-at="2024-03-06T17:05:15 BOT" name="afterClass" finished-at="2024-03-06T17:05:16 BOT" duration-ms="85" status="PASS">
          <reporter-output>
          </reporter-output>
        </test-method> <!-- afterClass -->
      </class> <!-- test.Test_1 -->
    </test> <!-- Default test -->
  </suite> <!-- Default suite -->
</testng-results>
